<?xml version="1.0" encoding="UTF-8"?>
<!-- Generated by org.testng.reporters.JUnitReportReporter -->
<testsuite hostname="DESKTOP-E55T83O" failures="0" tests="1" name="Testclass.TC_002_LoginPageTest" time="3.478" errors="0" timestamp="2024-09-06T11:53:58 IST" skipped="0">
  <testcase classname="Testclass.TC_002_LoginPageTest" name="verify_Login" time="3.478"/>
</testsuite> <!-- Testclass.TC_002_LoginPageTest -->
